<?xml version="1.0" encoding="UTF-8"?>
<!-- Generated by org.testng.reporters.JUnitReportReporter -->
<testsuite skipped="0" hostname="Admin-PC" name="com.Profile.Scripts.ProfileTestimonials" tests="1" failures="0" timestamp="12 Sep 2020 06:40:47 GMT" time="58.314" errors="0">
  <testcase name="TestimonialsSearch" time="58.314" classname="com.Profile.Scripts.ProfileTestimonials"/>
</testsuite> <!-- com.Profile.Scripts.ProfileTestimonials -->
