<?xml version="1.0" encoding="UTF-8"?>
<!-- Generated by org.testng.reporters.JUnitReportReporter -->
<testsuite skipped="0" hostname="Admin-PC" name="com.Profile.Scripts.ProfileHomePageMultipleMethods" tests="6" failures="0" timestamp="12 Sep 2020 06:40:47 GMT" time="441.830" errors="0">
  <testcase name="ProfileHomeAutoSearch" time="61.968" classname="com.Profile.Scripts.ProfileHomePageMultipleMethods"/>
  <testcase name="ProfileHomeButton" time="69.478" classname="com.Profile.Scripts.ProfileHomePageMultipleMethods"/>
  <testcase name="ProfileHomeDisabledText" time="62.866" classname="com.Profile.Scripts.ProfileHomePageMultipleMethods"/>
  <testcase name="ProfileHomeElementsText" time="89.749" classname="com.Profile.Scripts.ProfileHomePageMultipleMethods"/>
  <testcase name="ProfileHomeFileUploading" time="66.079" classname="com.Profile.Scripts.ProfileHomePageMultipleMethods"/>
  <testcase name="ProfileVideoTutorials" time="91.690" classname="com.Profile.Scripts.ProfileHomePageMultipleMethods"/>
</testsuite> <!-- com.Profile.Scripts.ProfileHomePageMultipleMethods -->
