<?xml version="1.0" encoding="UTF-8"?>
<!-- Generated by org.testng.reporters.JUnitReportReporter -->
<testsuite skipped="0" hostname="Admin-PC" name="com.Profile.Scripts.ProfileContact" tests="1" failures="0" timestamp="12 Sep 2020 06:40:47 GMT" time="88.314" errors="0">
  <testcase name="ContactDetails" time="88.314" classname="com.Profile.Scripts.ProfileContact"/>
</testsuite> <!-- com.Profile.Scripts.ProfileContact -->
