<?xml version="1.0" encoding="UTF-8"?>
<!-- Generated by org.testng.reporters.JUnitReportReporter -->
<testsuite skipped="0" hostname="Admin-PC" name="com.Profile.Scripts.ProfileAboutMe" tests="1" failures="0" timestamp="12 Sep 2020 06:40:47 GMT" time="36.990" errors="0">
  <testcase name="AboutMeProfile" time="36.990" classname="com.Profile.Scripts.ProfileAboutMe"/>
</testsuite> <!-- com.Profile.Scripts.ProfileAboutMe -->
