<?xml version="1.0" encoding="UTF-8"?>
<!-- Generated by org.testng.reporters.JUnitReportReporter -->
<testsuite skipped="0" hostname="Admin-PC" name="com.Profile.Scripts.ProfileResume" tests="1" failures="0" timestamp="12 Sep 2020 06:40:47 GMT" time="50.670" errors="0">
  <testcase name="ResumeProfile" time="50.670" classname="com.Profile.Scripts.ProfileResume"/>
</testsuite> <!-- com.Profile.Scripts.ProfileResume -->
