<?xml version="1.0" encoding="UTF-8"?>
<!-- Generated by org.testng.reporters.JUnitReportReporter -->
<testsuite skipped="0" hostname="Admin-PC" name="com.Profile.Scripts.ProfileProjects" tests="1" failures="0" timestamp="12 Sep 2020 06:40:47 GMT" time="93.114" errors="0">
  <testcase name="ProjectList" time="93.114" classname="com.Profile.Scripts.ProfileProjects"/>
</testsuite> <!-- com.Profile.Scripts.ProfileProjects -->
